[      27ms] [ERROR] Loading the stylesheet 'https://fonts.googleapis.com/css2?family=Inter:wght@400;500;600;700&family=JetBrains+Mono:wght@400;500&display=swap' violates the following Content Security Policy directive: "style-src 'self' 'unsafe-inline'". Note that 'style-src-elem' was not explicitly set, so 'style-src' is used as a fallback. The action has been blocked. @ http://localhost:8282/?quality_resolution=1080p&quality_source=bluray:14
[     118ms] [ERROR] WebSocket connection to 'ws://localhost:8282/api/v1/ws' failed: HTTP Authentication failed; no valid credentials available @ http://localhost:8282/assets/index-D5WkuQjD.js:10
[    1119ms] [ERROR] WebSocket connection to 'ws://localhost:8282/api/v1/ws' failed: HTTP Authentication failed; no valid credentials available @ http://localhost:8282/assets/index-D5WkuQjD.js:10
[    3120ms] [ERROR] WebSocket connection to 'ws://localhost:8282/api/v1/ws' failed: HTTP Authentication failed; no valid credentials available @ http://localhost:8282/assets/index-D5WkuQjD.js:10
[    7121ms] [ERROR] WebSocket connection to 'ws://localhost:8282/api/v1/ws' failed: HTTP Authentication failed; no valid credentials available @ http://localhost:8282/assets/index-D5WkuQjD.js:10
[   15124ms] [ERROR] WebSocket connection to 'ws://localhost:8282/api/v1/ws' failed: HTTP Authentication failed; no valid credentials available @ http://localhost:8282/assets/index-D5WkuQjD.js:10
[   22412ms] [ERROR] Failed to load resource: the server responded with a status of 404 (Not Found) @ http://localhost:8282/api/v1/movies/7f28a802-b934-42b1-a287-138b189f22d2:0
[   31127ms] [ERROR] WebSocket connection to 'ws://localhost:8282/api/v1/ws' failed: HTTP Authentication failed; no valid credentials available @ http://localhost:8282/assets/index-D5WkuQjD.js:10
[   61136ms] [ERROR] WebSocket connection to 'ws://localhost:8282/api/v1/ws' failed: HTTP Authentication failed; no valid credentials available @ http://localhost:8282/assets/index-D5WkuQjD.js:10
[   91152ms] [ERROR] WebSocket connection to 'ws://localhost:8282/api/v1/ws' failed: HTTP Authentication failed; no valid credentials available @ http://localhost:8282/assets/index-D5WkuQjD.js:10
[  121153ms] [ERROR] WebSocket connection to 'ws://localhost:8282/api/v1/ws' failed: HTTP Authentication failed; no valid credentials available @ http://localhost:8282/assets/index-D5WkuQjD.js:10
[  151154ms] [ERROR] WebSocket connection to 'ws://localhost:8282/api/v1/ws' failed: HTTP Authentication failed; no valid credentials available @ http://localhost:8282/assets/index-D5WkuQjD.js:10
[  181155ms] [ERROR] WebSocket connection to 'ws://localhost:8282/api/v1/ws' failed: HTTP Authentication failed; no valid credentials available @ http://localhost:8282/assets/index-D5WkuQjD.js:10
[  211156ms] [ERROR] WebSocket connection to 'ws://localhost:8282/api/v1/ws' failed: HTTP Authentication failed; no valid credentials available @ http://localhost:8282/assets/index-D5WkuQjD.js:10
[  241157ms] [ERROR] WebSocket connection to 'ws://localhost:8282/api/v1/ws' failed: HTTP Authentication failed; no valid credentials available @ http://localhost:8282/assets/index-D5WkuQjD.js:10
[  271159ms] [ERROR] WebSocket connection to 'ws://localhost:8282/api/v1/ws' failed: HTTP Authentication failed; no valid credentials available @ http://localhost:8282/assets/index-D5WkuQjD.js:10
[  301160ms] [ERROR] WebSocket connection to 'ws://localhost:8282/api/v1/ws' failed: HTTP Authentication failed; no valid credentials available @ http://localhost:8282/assets/index-D5WkuQjD.js:10
[  331161ms] [ERROR] WebSocket connection to 'ws://localhost:8282/api/v1/ws' failed: HTTP Authentication failed; no valid credentials available @ http://localhost:8282/assets/index-D5WkuQjD.js:10
[  361162ms] [ERROR] WebSocket connection to 'ws://localhost:8282/api/v1/ws' failed: HTTP Authentication failed; no valid credentials available @ http://localhost:8282/assets/index-D5WkuQjD.js:10
[  391163ms] [ERROR] WebSocket connection to 'ws://localhost:8282/api/v1/ws' failed: HTTP Authentication failed; no valid credentials available @ http://localhost:8282/assets/index-D5WkuQjD.js:10
[  421164ms] [ERROR] WebSocket connection to 'ws://localhost:8282/api/v1/ws' failed: HTTP Authentication failed; no valid credentials available @ http://localhost:8282/assets/index-D5WkuQjD.js:10
[  451165ms] [ERROR] WebSocket connection to 'ws://localhost:8282/api/v1/ws' failed: HTTP Authentication failed; no valid credentials available @ http://localhost:8282/assets/index-D5WkuQjD.js:10
[  481166ms] [ERROR] WebSocket connection to 'ws://localhost:8282/api/v1/ws' failed: HTTP Authentication failed; no valid credentials available @ http://localhost:8282/assets/index-D5WkuQjD.js:10
[  511168ms] [ERROR] WebSocket connection to 'ws://localhost:8282/api/v1/ws' failed: HTTP Authentication failed; no valid credentials available @ http://localhost:8282/assets/index-D5WkuQjD.js:10
[  541169ms] [ERROR] WebSocket connection to 'ws://localhost:8282/api/v1/ws' failed: HTTP Authentication failed; no valid credentials available @ http://localhost:8282/assets/index-D5WkuQjD.js:10
[  571170ms] [ERROR] WebSocket connection to 'ws://localhost:8282/api/v1/ws' failed: HTTP Authentication failed; no valid credentials available @ http://localhost:8282/assets/index-D5WkuQjD.js:10
[  601171ms] [ERROR] WebSocket connection to 'ws://localhost:8282/api/v1/ws' failed: HTTP Authentication failed; no valid credentials available @ http://localhost:8282/assets/index-D5WkuQjD.js:10
[  631173ms] [ERROR] WebSocket connection to 'ws://localhost:8282/api/v1/ws' failed: HTTP Authentication failed; no valid credentials available @ http://localhost:8282/assets/index-D5WkuQjD.js:10
[  661174ms] [ERROR] WebSocket connection to 'ws://localhost:8282/api/v1/ws' failed: HTTP Authentication failed; no valid credentials available @ http://localhost:8282/assets/index-D5WkuQjD.js:10
[  691176ms] [ERROR] WebSocket connection to 'ws://localhost:8282/api/v1/ws' failed: HTTP Authentication failed; no valid credentials available @ http://localhost:8282/assets/index-D5WkuQjD.js:10
[  721177ms] [ERROR] WebSocket connection to 'ws://localhost:8282/api/v1/ws' failed: HTTP Authentication failed; no valid credentials available @ http://localhost:8282/assets/index-D5WkuQjD.js:10
[  751179ms] [ERROR] WebSocket connection to 'ws://localhost:8282/api/v1/ws' failed: HTTP Authentication failed; no valid credentials available @ http://localhost:8282/assets/index-D5WkuQjD.js:10
[  781180ms] [ERROR] WebSocket connection to 'ws://localhost:8282/api/v1/ws' failed: HTTP Authentication failed; no valid credentials available @ http://localhost:8282/assets/index-D5WkuQjD.js:10
[  811181ms] [ERROR] WebSocket connection to 'ws://localhost:8282/api/v1/ws' failed: HTTP Authentication failed; no valid credentials available @ http://localhost:8282/assets/index-D5WkuQjD.js:10
[  841182ms] [ERROR] WebSocket connection to 'ws://localhost:8282/api/v1/ws' failed: HTTP Authentication failed; no valid credentials available @ http://localhost:8282/assets/index-D5WkuQjD.js:10
[  871183ms] [ERROR] WebSocket connection to 'ws://localhost:8282/api/v1/ws' failed: HTTP Authentication failed; no valid credentials available @ http://localhost:8282/assets/index-D5WkuQjD.js:10
[  901184ms] [ERROR] WebSocket connection to 'ws://localhost:8282/api/v1/ws' failed: HTTP Authentication failed; no valid credentials available @ http://localhost:8282/assets/index-D5WkuQjD.js:10
[  931186ms] [ERROR] WebSocket connection to 'ws://localhost:8282/api/v1/ws' failed: HTTP Authentication failed; no valid credentials available @ http://localhost:8282/assets/index-D5WkuQjD.js:10
[  961187ms] [ERROR] WebSocket connection to 'ws://localhost:8282/api/v1/ws' failed: HTTP Authentication failed; no valid credentials available @ http://localhost:8282/assets/index-D5WkuQjD.js:10
[  991188ms] [ERROR] WebSocket connection to 'ws://localhost:8282/api/v1/ws' failed: HTTP Authentication failed; no valid credentials available @ http://localhost:8282/assets/index-D5WkuQjD.js:10
[ 1021189ms] [ERROR] WebSocket connection to 'ws://localhost:8282/api/v1/ws' failed: HTTP Authentication failed; no valid credentials available @ http://localhost:8282/assets/index-D5WkuQjD.js:10
[ 1051191ms] [ERROR] WebSocket connection to 'ws://localhost:8282/api/v1/ws' failed: HTTP Authentication failed; no valid credentials available @ http://localhost:8282/assets/index-D5WkuQjD.js:10
